1537321085501	mozrunner::runner	INFO	Running command: "/usr/bin/firefox" "-marionette" "-foreground" "-no-remote" "-profile" "/tmp/rust_mozprofile.v0PuqYoltsxz"
JavaScript error: jar:file:///usr/lib/firefox-esr/omni.ja!/components/addonsInfo.js, line 91: SyntaxError: "0"-prefixed octal literals and octal escape sequences are deprecated; for octal literals use the "0o" prefix instead
1537321097575	Marionette	INFO	Listening on port 46497
1537321097655	Marionette	WARN	TLS certificate errors will be ignored for this session
JavaScript warning: http://leideacesso.etransparencia.com.br/itaquaquecetuba.prefeitura.sp/jquery.js?101388, line 1: Using //@ to indicate sourceMappingURL pragmas is deprecated. Use //# instead
1537321342789	mozrunner::runner	INFO	Running command: "/usr/bin/firefox" "-marionette" "-foreground" "-no-remote" "-profile" "/tmp/rust_mozprofile.sW59pAL7nhPX"
JavaScript error: jar:file:///usr/lib/firefox-esr/omni.ja!/components/addonsInfo.js, line 91: SyntaxError: "0"-prefixed octal literals and octal escape sequences are deprecated; for octal literals use the "0o" prefix instead
1537321346771	Marionette	INFO	Listening on port 33587
1537321346813	Marionette	WARN	TLS certificate errors will be ignored for this session
JavaScript warning: http://leideacesso.etransparencia.com.br/itaquaquecetuba.prefeitura.sp/jquery.js?101388, line 1: Using //@ to indicate sourceMappingURL pragmas is deprecated. Use //# instead

(firefox-esr:9446): GLib-GObject-WARNING **: /build/glib2.0-B1uXKV/glib2.0-2.50.3/./gobject/gsignal.c:3492: signal name 'selection_changed' is invalid for instance '0x7fcede7f6240' of type 'MaiAtkType139'

(firefox-esr:9446): GLib-GObject-WARNING **: /build/glib2.0-B1uXKV/glib2.0-2.50.3/./gobject/gsignal.c:3492: signal name 'selection_changed' is invalid for instance '0x7fcede7f6240' of type 'MaiAtkType139'

(firefox-esr:9446): GLib-GObject-WARNING **: /build/glib2.0-B1uXKV/glib2.0-2.50.3/./gobject/gsignal.c:3492: signal name 'selection_changed' is invalid for instance '0x7fcede7f6240' of type 'MaiAtkType139'

(firefox-esr:9446): GLib-GObject-WARNING **: /build/glib2.0-B1uXKV/glib2.0-2.50.3/./gobject/gsignal.c:3492: signal name 'selection_changed' is invalid for instance '0x7fcede7f6240' of type 'MaiAtkType139'

(firefox-esr:9446): GLib-GObject-WARNING **: /build/glib2.0-B1uXKV/glib2.0-2.50.3/./gobject/gsignal.c:3492: signal name 'selection_changed' is invalid for instance '0x7fcede7f6240' of type 'MaiAtkType139'
1537322498751	mozrunner::runner	INFO	Running command: "/usr/bin/firefox" "-marionette" "-foreground" "-no-remote" "-profile" "/tmp/rust_mozprofile.zpxCDBzJVhsr"
JavaScript error: jar:file:///usr/lib/firefox-esr/omni.ja!/components/addonsInfo.js, line 91: SyntaxError: "0"-prefixed octal literals and octal escape sequences are deprecated; for octal literals use the "0o" prefix instead
1537322502971	Marionette	INFO	Listening on port 34445
1537322503065	Marionette	WARN	TLS certificate errors will be ignored for this session
1537322630200	mozrunner::runner	INFO	Running command: "/usr/bin/firefox" "-marionette" "-foreground" "-no-remote" "-profile" "/tmp/rust_mozprofile.hIZVR3aaulMV"
JavaScript error: jar:file:///usr/lib/firefox-esr/omni.ja!/components/addonsInfo.js, line 91: SyntaxError: "0"-prefixed octal literals and octal escape sequences are deprecated; for octal literals use the "0o" prefix instead
1537322634559	Marionette	INFO	Listening on port 41173
1537322634615	Marionette	WARN	TLS certificate errors will be ignored for this session
1537323174699	mozrunner::runner	INFO	Running command: "/usr/bin/firefox" "-marionette" "-foreground" "-no-remote" "-profile" "/tmp/rust_mozprofile.8G0tmFD2SUNf"
JavaScript error: jar:file:///usr/lib/firefox-esr/omni.ja!/components/addonsInfo.js, line 91: SyntaxError: "0"-prefixed octal literals and octal escape sequences are deprecated; for octal literals use the "0o" prefix instead
1537323179031	Marionette	INFO	Listening on port 37545
1537323179113	Marionette	WARN	TLS certificate errors will be ignored for this session
1537323691016	mozrunner::runner	INFO	Running command: "/usr/bin/firefox" "-marionette" "-foreground" "-no-remote" "-profile" "/tmp/rust_mozprofile.WLUkK7puUnEd"
JavaScript error: jar:file:///usr/lib/firefox-esr/omni.ja!/components/addonsInfo.js, line 91: SyntaxError: "0"-prefixed octal literals and octal escape sequences are deprecated; for octal literals use the "0o" prefix instead
1537323695027	Marionette	INFO	Listening on port 42365
1537323695039	Marionette	WARN	TLS certificate errors will be ignored for this session
*** UTM:SVC TimerManager:registerTimer called after profile-before-change notification. Ignoring timer registration for id: telemetry_modules_ping
1537324067140	mozrunner::runner	INFO	Running command: "/usr/bin/firefox" "-marionette" "-foreground" "-no-remote" "-profile" "/tmp/rust_mozprofile.VCG5KBNEemOk"
JavaScript error: jar:file:///usr/lib/firefox-esr/omni.ja!/components/addonsInfo.js, line 91: SyntaxError: "0"-prefixed octal literals and octal escape sequences are deprecated; for octal literals use the "0o" prefix instead
1537324071192	Marionette	INFO	Listening on port 33417
1537324071260	Marionette	WARN	TLS certificate errors will be ignored for this session
1537331448533	mozrunner::runner	INFO	Running command: "/usr/bin/firefox" "-marionette" "-foreground" "-no-remote" "-profile" "/tmp/rust_mozprofile.6VUiLXePSX6Y"
JavaScript error: jar:file:///usr/lib/firefox-esr/omni.ja!/components/addonsInfo.js, line 91: SyntaxError: "0"-prefixed octal literals and octal escape sequences are deprecated; for octal literals use the "0o" prefix instead
1537331452594	Marionette	INFO	Listening on port 46741
1537331452660	Marionette	WARN	TLS certificate errors will be ignored for this session

(firefox-esr:14107): GLib-GObject-WARNING **: /build/glib2.0-B1uXKV/glib2.0-2.50.3/./gobject/gsignal.c:3492: signal name 'selection_changed' is invalid for instance '0x7f42561d1740' of type 'MaiAtkType139'
1537331543874	mozrunner::runner	INFO	Running command: "/usr/bin/firefox" "-marionette" "-foreground" "-no-remote" "-profile" "/tmp/rust_mozprofile.KORyWJqztcNv"
JavaScript error: jar:file:///usr/lib/firefox-esr/omni.ja!/components/addonsInfo.js, line 91: SyntaxError: "0"-prefixed octal literals and octal escape sequences are deprecated; for octal literals use the "0o" prefix instead
1537331547838	Marionette	INFO	Listening on port 39841
1537331547894	Marionette	WARN	TLS certificate errors will be ignored for this session

(firefox-esr:14282): GLib-GObject-WARNING **: /build/glib2.0-B1uXKV/glib2.0-2.50.3/./gobject/gsignal.c:3492: signal name 'selection_changed' is invalid for instance '0x7fb4b18e7600' of type 'MaiAtkType139'
*** UTM:SVC TimerManager:registerTimer called after profile-before-change notification. Ignoring timer registration for id: telemetry_modules_ping
1537331698166	mozrunner::runner	INFO	Running command: "/usr/bin/firefox" "-marionette" "-foreground" "-no-remote" "-profile" "/tmp/rust_mozprofile.GCBh2tl7S0vI"
JavaScript error: jar:file:///usr/lib/firefox-esr/omni.ja!/components/addonsInfo.js, line 91: SyntaxError: "0"-prefixed octal literals and octal escape sequences are deprecated; for octal literals use the "0o" prefix instead
1537331702122	Marionette	INFO	Listening on port 43013
1537331702178	Marionette	WARN	TLS certificate errors will be ignored for this session

(firefox-esr:14455): GLib-GObject-WARNING **: /build/glib2.0-B1uXKV/glib2.0-2.50.3/./gobject/gsignal.c:3492: signal name 'selection_changed' is invalid for instance '0x7fb947fe8bf0' of type 'MaiAtkType139'
1537331836743	mozrunner::runner	INFO	Running command: "/usr/bin/firefox" "-marionette" "-foreground" "-no-remote" "-profile" "/tmp/rust_mozprofile.ePsjVu7XDxkH"
JavaScript error: jar:file:///usr/lib/firefox-esr/omni.ja!/components/addonsInfo.js, line 91: SyntaxError: "0"-prefixed octal literals and octal escape sequences are deprecated; for octal literals use the "0o" prefix instead
1537331840846	Marionette	INFO	Listening on port 44129
1537331840868	Marionette	WARN	TLS certificate errors will be ignored for this session

(firefox-esr:14629): GLib-GObject-WARNING **: /build/glib2.0-B1uXKV/glib2.0-2.50.3/./gobject/gsignal.c:3492: signal name 'selection_changed' is invalid for instance '0x7fb8fb3fc830' of type 'MaiAtkType139'
1537331988810	mozrunner::runner	INFO	Running command: "/usr/bin/firefox" "-marionette" "-foreground" "-no-remote" "-profile" "/tmp/rust_mozprofile.uMJHoXlreDNn"
JavaScript error: jar:file:///usr/lib/firefox-esr/omni.ja!/components/addonsInfo.js, line 91: SyntaxError: "0"-prefixed octal literals and octal escape sequences are deprecated; for octal literals use the "0o" prefix instead
1537331992722	Marionette	INFO	Listening on port 41819
1537331992824	Marionette	WARN	TLS certificate errors will be ignored for this session

(firefox-esr:14852): GLib-GObject-WARNING **: /build/glib2.0-B1uXKV/glib2.0-2.50.3/./gobject/gsignal.c:3492: signal name 'selection_changed' is invalid for instance '0x7efc656ff3d0' of type 'MaiAtkType139'
1537393011688	mozrunner::runner	INFO	Running command: "/usr/bin/firefox" "-marionette" "-foreground" "-no-remote" "-profile" "/tmp/rust_mozprofile.xsHSRWxDIFZX"
JavaScript error: jar:file:///usr/lib/firefox-esr/omni.ja!/components/addonsInfo.js, line 91: SyntaxError: "0"-prefixed octal literals and octal escape sequences are deprecated; for octal literals use the "0o" prefix instead
1537393022588	Marionette	INFO	Listening on port 45413
1537393022646	Marionette	WARN	TLS certificate errors will be ignored for this session
JavaScript warning: http://leideacesso.etransparencia.com.br/itaquaquecetuba.prefeitura.sp/jquery.js?101388, line 1: Using //@ to indicate sourceMappingURL pragmas is deprecated. Use //# instead
1537393364364	mozrunner::runner	INFO	Running command: "/usr/bin/firefox" "-marionette" "-foreground" "-no-remote" "-profile" "/tmp/rust_mozprofile.QhSRFrCmChLn"
JavaScript error: jar:file:///usr/lib/firefox-esr/omni.ja!/components/addonsInfo.js, line 91: SyntaxError: "0"-prefixed octal literals and octal escape sequences are deprecated; for octal literals use the "0o" prefix instead
1537393367656	Marionette	INFO	Listening on port 35613
1537393367675	Marionette	WARN	TLS certificate errors will be ignored for this session
JavaScript warning: http://leideacesso.etransparencia.com.br/itaquaquecetuba.prefeitura.sp/jquery.js?101388, line 1: Using //@ to indicate sourceMappingURL pragmas is deprecated. Use //# instead
*** UTM:SVC TimerManager:registerTimer called after profile-before-change notification. Ignoring timer registration for id: telemetry_modules_ping
1537393517592	mozrunner::runner	INFO	Running command: "/usr/bin/firefox" "-marionette" "-foreground" "-no-remote" "-profile" "/tmp/rust_mozprofile.WqD1ATejUztG"
JavaScript error: jar:file:///usr/lib/firefox-esr/omni.ja!/components/addonsInfo.js, line 91: SyntaxError: "0"-prefixed octal literals and octal escape sequences are deprecated; for octal literals use the "0o" prefix instead
1537393520590	Marionette	INFO	Listening on port 40835
1537393520615	Marionette	WARN	TLS certificate errors will be ignored for this session
JavaScript warning: http://leideacesso.etransparencia.com.br/itaquaquecetuba.prefeitura.sp/jquery.js?101388, line 1: Using //@ to indicate sourceMappingURL pragmas is deprecated. Use //# instead
1537393674739	mozrunner::runner	INFO	Running command: "/usr/bin/firefox" "-marionette" "-foreground" "-no-remote" "-profile" "/tmp/rust_mozprofile.4RfLmL579jVE"
JavaScript error: jar:file:///usr/lib/firefox-esr/omni.ja!/components/addonsInfo.js, line 91: SyntaxError: "0"-prefixed octal literals and octal escape sequences are deprecated; for octal literals use the "0o" prefix instead
1537393677767	Marionette	INFO	Listening on port 35867
1537393677856	Marionette	WARN	TLS certificate errors will be ignored for this session
JavaScript warning: http://leideacesso.etransparencia.com.br/itaquaquecetuba.prefeitura.sp/jquery.js?101388, line 1: Using //@ to indicate sourceMappingURL pragmas is deprecated. Use //# instead
1537393791070	mozrunner::runner	INFO	Running command: "/usr/bin/firefox" "-marionette" "-foreground" "-no-remote" "-profile" "/tmp/rust_mozprofile.IdUYMVLH4phq"
JavaScript error: jar:file:///usr/lib/firefox-esr/omni.ja!/components/addonsInfo.js, line 91: SyntaxError: "0"-prefixed octal literals and octal escape sequences are deprecated; for octal literals use the "0o" prefix instead
1537393794848	Marionette	INFO	Listening on port 45205
1537393794891	Marionette	WARN	TLS certificate errors will be ignored for this session
1537395887093	mozrunner::runner	INFO	Running command: "/usr/bin/firefox" "-marionette" "-foreground" "-no-remote" "-profile" "/tmp/rust_mozprofile.dV48O4Nk7RDw"
JavaScript error: jar:file:///usr/lib/firefox-esr/omni.ja!/components/addonsInfo.js, line 91: SyntaxError: "0"-prefixed octal literals and octal escape sequences are deprecated; for octal literals use the "0o" prefix instead
console.error: "Could not write session state file " (new Error("_initWorker called too early! Please read the session file from disk first.", "resource:///modules/sessionstore/SessionFile.jsm", 337)) "_initWorker/<@resource:///modules/sessionstore/SessionFile.jsm:337:15\n_initWorker@resource:///modules/sessionstore/SessionFile.jsm:330:12\n_postToWorker@resource:///modules/sessionstore/SessionFile.jsm:354:11\nwrite@resource:///modules/sessionstore/SessionFile.jsm:394:19\nwrite@resource:///modules/sessionstore/SessionFile.jsm:66:12\n_writeState@resource:///modules/sessionstore/SessionSaver.jsm:357:12\n_saveState@resource:///modules/sessionstore/SessionSaver.jsm:295:12\n_saveStateAsync@resource:///modules/sessionstore/SessionSaver.jsm:341:5\nsaveStateAsyncWhenIdle@resource:///modules/sessionstore/SessionSaver.jsm:192:9\n"
1537395898907	Marionette	INFO	Listening on port 46535
1537395898929	Marionette	WARN	TLS certificate errors will be ignored for this session
1537395970878	mozrunner::runner	INFO	Running command: "/usr/bin/firefox" "-marionette" "-foreground" "-no-remote" "-profile" "/tmp/rust_mozprofile.QxUmkMlmOuBW"
JavaScript error: jar:file:///usr/lib/firefox-esr/omni.ja!/components/addonsInfo.js, line 91: SyntaxError: "0"-prefixed octal literals and octal escape sequences are deprecated; for octal literals use the "0o" prefix instead
1537395974555	Marionette	INFO	Listening on port 40327
1537395974596	Marionette	WARN	TLS certificate errors will be ignored for this session
1537396220428	mozrunner::runner	INFO	Running command: "/usr/bin/firefox" "-marionette" "-foreground" "-no-remote" "-profile" "/tmp/rust_mozprofile.F40wUHM7uIoU"
JavaScript error: jar:file:///usr/lib/firefox-esr/omni.ja!/components/addonsInfo.js, line 91: SyntaxError: "0"-prefixed octal literals and octal escape sequences are deprecated; for octal literals use the "0o" prefix instead
1537396223642	Marionette	INFO	Listening on port 33689
1537396223691	Marionette	WARN	TLS certificate errors will be ignored for this session
1538010842251	mozrunner::runner	INFO	Running command: "/usr/bin/firefox" "-marionette" "-foreground" "-no-remote" "-profile" "/tmp/rust_mozprofile.3Slgey9ZJ63h"
JavaScript error: jar:file:///usr/lib/firefox-esr/omni.ja!/components/addonsInfo.js, line 91: SyntaxError: "0"-prefixed octal literals and octal escape sequences are deprecated; for octal literals use the "0o" prefix instead
1538010853431	Marionette	INFO	Listening on port 36557
1538010853525	Marionette	WARN	TLS certificate errors will be ignored for this session
JavaScript error: https://www.gstatic.com/charts/45.2/js/jsapi_compiled_corechart_module.js, line 1: ReferenceError: gvjs_8K is not defined
JavaScript warning: http://leideacesso.etransparencia.com.br/itaquaquecetuba.prefeitura.sp/jquery.js?101388, line 1: Using //@ to indicate sourceMappingURL pragmas is deprecated. Use //# instead
console.log: Accessibility service init or shutdown observer does not exist.
*** UTM:SVC TimerManager:registerTimer called after profile-before-change notification. Ignoring timer registration for id: telemetry_modules_ping
1538010964195	mozrunner::runner	INFO	Running command: "/usr/bin/firefox" "-marionette" "-foreground" "-no-remote" "-profile" "/tmp/rust_mozprofile.UmDOz27rhy41"
JavaScript error: jar:file:///usr/lib/firefox-esr/omni.ja!/components/addonsInfo.js, line 91: SyntaxError: "0"-prefixed octal literals and octal escape sequences are deprecated; for octal literals use the "0o" prefix instead
1538010968233	Marionette	INFO	Listening on port 44849
1538010968309	Marionette	WARN	TLS certificate errors will be ignored for this session

(firefox-esr:12336): GLib-GObject-WARNING **: /build/glib2.0-B1uXKV/glib2.0-2.50.3/./gobject/gsignal.c:3492: signal name 'selection_changed' is invalid for instance '0x7f0f82997e70' of type 'MaiAtkType13b'

(firefox-esr:12336): GLib-GObject-WARNING **: /build/glib2.0-B1uXKV/glib2.0-2.50.3/./gobject/gsignal.c:3492: signal name 'selection_changed' is invalid for instance '0x7f0f92cd1b50' of type 'MaiAtkType139'
JavaScript error: https://buscapreco.sefaz.am.gov.br/home, line 109: TypeError: s is null
console.log: Accessibility service init or shutdown observer does not exist.
*** UTM:SVC TimerManager:registerTimer called after profile-before-change notification. Ignoring timer registration for id: telemetry_modules_ping
1538011021593	mozrunner::runner	INFO	Running command: "/usr/bin/firefox" "-marionette" "-foreground" "-no-remote" "-profile" "/tmp/rust_mozprofile.iOsNHlhhbRcC"
JavaScript error: jar:file:///usr/lib/firefox-esr/omni.ja!/components/addonsInfo.js, line 91: SyntaxError: "0"-prefixed octal literals and octal escape sequences are deprecated; for octal literals use the "0o" prefix instead
1538011025605	Marionette	INFO	Listening on port 38509
1538011025720	Marionette	WARN	TLS certificate errors will be ignored for this session
JavaScript error: https://buscapreco.sefaz.am.gov.br/home, line 109: TypeError: s is null

(firefox-esr:12548): GLib-GObject-WARNING **: /build/glib2.0-B1uXKV/glib2.0-2.50.3/./gobject/gsignal.c:3492: signal name 'selection_changed' is invalid for instance '0x7f5627581100' of type 'MaiAtkType13b'

(firefox-esr:12548): GLib-GObject-WARNING **: /build/glib2.0-B1uXKV/glib2.0-2.50.3/./gobject/gsignal.c:3492: signal name 'selection_changed' is invalid for instance '0x7f56147c4290' of type 'MaiAtkType139'

(firefox-esr:12548): GLib-GObject-WARNING **: /build/glib2.0-B1uXKV/glib2.0-2.50.3/./gobject/gsignal.c:3492: signal name 'selection_changed' is invalid for instance '0x7f56147bca60' of type 'MaiAtkType139'
console.log: Accessibility service init or shutdown observer does not exist.
*** UTM:SVC TimerManager:registerTimer called after profile-before-change notification. Ignoring timer registration for id: telemetry_modules_ping
1538011089999	mozrunner::runner	INFO	Running command: "/usr/bin/firefox" "-marionette" "-foreground" "-no-remote" "-profile" "/tmp/rust_mozprofile.eltc5diEYs5T"
JavaScript error: jar:file:///usr/lib/firefox-esr/omni.ja!/components/addonsInfo.js, line 91: SyntaxError: "0"-prefixed octal literals and octal escape sequences are deprecated; for octal literals use the "0o" prefix instead
1538011094119	Marionette	INFO	Listening on port 32865
1538011094212	Marionette	WARN	TLS certificate errors will be ignored for this session
JavaScript error: https://buscapreco.sefaz.am.gov.br/home, line 109: TypeError: s is null

(firefox-esr:12762): GLib-GObject-WARNING **: /build/glib2.0-B1uXKV/glib2.0-2.50.3/./gobject/gsignal.c:3492: signal name 'selection_changed' is invalid for instance '0x7fea651485b0' of type 'MaiAtkType13b'

(firefox-esr:12762): GLib-GObject-WARNING **: /build/glib2.0-B1uXKV/glib2.0-2.50.3/./gobject/gsignal.c:3492: signal name 'selection_changed' is invalid for instance '0x7fea68082b00' of type 'MaiAtkType139'

(firefox-esr:12762): GLib-GObject-WARNING **: /build/glib2.0-B1uXKV/glib2.0-2.50.3/./gobject/gsignal.c:3492: signal name 'selection_changed' is invalid for instance '0x7fea67c710b0' of type 'MaiAtkType139'

(firefox-esr:12762): GLib-GObject-WARNING **: /build/glib2.0-B1uXKV/glib2.0-2.50.3/./gobject/gsignal.c:3492: signal name 'selection_changed' is invalid for instance '0x7fea67eff790' of type 'MaiAtkType139'
console.log: Accessibility service init or shutdown observer does not exist.
1538011192222	mozrunner::runner	INFO	Running command: "/usr/bin/firefox" "-marionette" "-foreground" "-no-remote" "-profile" "/tmp/rust_mozprofile.zicBHlryNZcw"
JavaScript error: jar:file:///usr/lib/firefox-esr/omni.ja!/components/addonsInfo.js, line 91: SyntaxError: "0"-prefixed octal literals and octal escape sequences are deprecated; for octal literals use the "0o" prefix instead
1538011196199	Marionette	INFO	Listening on port 45339
1538011196245	Marionette	WARN	TLS certificate errors will be ignored for this session

(firefox-esr:13007): GLib-GObject-WARNING **: /build/glib2.0-B1uXKV/glib2.0-2.50.3/./gobject/gsignal.c:3492: signal name 'selection_changed' is invalid for instance '0x7fdb31fda7e0' of type 'MaiAtkType13b'

(firefox-esr:13007): GLib-GObject-WARNING **: /build/glib2.0-B1uXKV/glib2.0-2.50.3/./gobject/gsignal.c:3492: signal name 'selection_changed' is invalid for instance '0x7fdb3c192600' of type 'MaiAtkType139'
JavaScript error: https://buscapreco.sefaz.am.gov.br/home, line 109: TypeError: s is null

(firefox-esr:13007): GLib-GObject-WARNING **: /build/glib2.0-B1uXKV/glib2.0-2.50.3/./gobject/gsignal.c:3492: signal name 'selection_changed' is invalid for instance '0x7fdb405656a0' of type 'MaiAtkType139'

(firefox-esr:13007): GLib-GObject-WARNING **: /build/glib2.0-B1uXKV/glib2.0-2.50.3/./gobject/gsignal.c:3492: signal name 'selection_changed' is invalid for instance '0x7fdb31fdaba0' of type 'MaiAtkType139'

(firefox-esr:13007): GLib-GObject-WARNING **: /build/glib2.0-B1uXKV/glib2.0-2.50.3/./gobject/gsignal.c:3492: signal name 'selection_changed' is invalid for instance '0x7fdb31fdaba0' of type 'MaiAtkType139'

(firefox-esr:13007): GLib-GObject-WARNING **: /build/glib2.0-B1uXKV/glib2.0-2.50.3/./gobject/gsignal.c:3492: signal name 'selection_changed' is invalid for instance '0x7fdb31fdaba0' of type 'MaiAtkType139'

(firefox-esr:13007): GLib-GObject-WARNING **: /build/glib2.0-B1uXKV/glib2.0-2.50.3/./gobject/gsignal.c:3492: signal name 'selection_changed' is invalid for instance '0x7fdb344de1a0' of type 'MaiAtkType139'

(firefox-esr:13007): GLib-GObject-WARNING **: /build/glib2.0-B1uXKV/glib2.0-2.50.3/./gobject/gsignal.c:3492: signal name 'selection_changed' is invalid for instance '0x7fdb31fda7e0' of type 'MaiAtkType13b'
JavaScript error: https://maps.googleapis.com/maps/api/js?key=AIzaSyB5EXE7wgYbukW-W7ziyeff-dRZKQPN9jg&callback=initMap, line 72: TypeError: a is null
JavaScript error: https://maps.googleapis.com/maps/api/js?key=AIzaSyB5EXE7wgYbukW-W7ziyeff-dRZKQPN9jg&callback=initMap, line 72: TypeError: a is null
JavaScript error: https://maps.googleapis.com/maps/api/js?key=AIzaSyB5EXE7wgYbukW-W7ziyeff-dRZKQPN9jg&callback=initMap, line 72: TypeError: a is null

(firefox-esr:13007): GLib-GObject-WARNING **: /build/glib2.0-B1uXKV/glib2.0-2.50.3/./gobject/gsignal.c:3492: signal name 'selection_changed' is invalid for instance '0x7fdb30565d80' of type 'MaiAtkType13b'

(firefox-esr:13007): GLib-GObject-WARNING **: /build/glib2.0-B1uXKV/glib2.0-2.50.3/./gobject/gsignal.c:3492: signal name 'selection_changed' is invalid for instance '0x7fdb30565d80' of type 'MaiAtkType13b'
JavaScript error: https://maps.googleapis.com/maps/api/js?key=AIzaSyB5EXE7wgYbukW-W7ziyeff-dRZKQPN9jg&callback=initMap, line 72: TypeError: a is null
JavaScript error: https://maps.googleapis.com/maps/api/js?key=AIzaSyB5EXE7wgYbukW-W7ziyeff-dRZKQPN9jg&callback=initMap, line 72: TypeError: a is null

(firefox-esr:13007): GLib-GObject-WARNING **: /build/glib2.0-B1uXKV/glib2.0-2.50.3/./gobject/gsignal.c:3492: signal name 'load_complete' is invalid for instance '0x7fdb344e72e0' of type 'MaiAtkType1'
